d:\cpp\github\databaseoperation\lib\vc142.pdb
d:\cpp\github\databaseoperation\lib\use-type.obj
d:\cpp\github\databaseoperation\lib\transaction.obj
d:\cpp\github\databaseoperation\lib\statement.obj
d:\cpp\github\databaseoperation\lib\soci-simple.obj
d:\cpp\github\databaseoperation\lib\session.obj
d:\cpp\github\databaseoperation\lib\rowid.obj
d:\cpp\github\databaseoperation\lib\row.obj
d:\cpp\github\databaseoperation\lib\ref-counted-statement.obj
d:\cpp\github\databaseoperation\lib\ref-counted-prepare-info.obj
d:\cpp\github\databaseoperation\lib\procedure.obj
d:\cpp\github\databaseoperation\lib\prepare-temp-type.obj
d:\cpp\github\databaseoperation\lib\once-temp-type.obj
d:\cpp\github\databaseoperation\lib\logger.obj
d:\cpp\github\databaseoperation\lib\into-type.obj
d:\cpp\github\databaseoperation\lib\error.obj
d:\cpp\github\databaseoperation\lib\connection-pool.obj
d:\cpp\github\databaseoperation\lib\connection-parameters.obj
d:\cpp\github\databaseoperation\lib\common.obj
d:\cpp\github\databaseoperation\lib\blob.obj
d:\cpp\github\databaseoperation\lib\backend-loader.obj
d:\cpp\github\databaseoperation\lib\values.obj
d:\cpp\soci\soci\soci4.0.0\vs\src\core\cmakefiles\generate.stamp
d:\cpp\github\databaseoperation\lib\soci_core_4_0.ilk
d:\cpp\github\databaseoperation\lib\soci_core_4_0.dll
d:\cpp\github\databaseoperation\lib\soci_core_4_0.pdb
d:\cpp\github\databaseoperation\lib\soci_core_4_0.lib
d:\cpp\github\databaseoperation\lib\soci_core_4_0.exp
d:\cpp\github\databaseoperation\lib\dllmain.obj
d:\cpp\github\databaseoperation\lib\shell.obj
d:\cpp\github\databaseoperation\lib\sqlite3.obj
d:\cpp\github\databaseoperation\lib\sqlite.exp
d:\cpp\github\databaseoperation\lib\vc142.idb
d:\cpp\github\databaseoperation\lib\sqlite.pdb
d:\cpp\github\databaseoperation\\lib\soci_core_4_0.pdb
d:\cpp\github\databaseoperation\\lib\soci_core_4_0.dll
d:\cpp\github\databaseoperation\\lib\soci_core_4_0.ilk
d:\cpp\github\databaseoperation\lib\soci_core.tlog\cl.command.1.tlog
d:\cpp\github\databaseoperation\lib\soci_core.tlog\cl.read.1.tlog
d:\cpp\github\databaseoperation\lib\soci_core.tlog\cl.write.1.tlog
d:\cpp\github\databaseoperation\lib\soci_core.tlog\custombuild.command.1.tlog
d:\cpp\github\databaseoperation\lib\soci_core.tlog\custombuild.read.1.tlog
d:\cpp\github\databaseoperation\lib\soci_core.tlog\custombuild.write.1.tlog
d:\cpp\github\databaseoperation\lib\soci_core.tlog\link.command.1.tlog
d:\cpp\github\databaseoperation\lib\soci_core.tlog\link.read.1.tlog
d:\cpp\github\databaseoperation\lib\soci_core.tlog\link.write.1.tlog
d:\cpp\github\databaseoperation\lib\soci_core.tlog\soci_core.write.1u.tlog
