d:\cpp\github\databaseoperation\lib\soci_oracle\vc142.pdb
d:\cpp\github\databaseoperation\lib\soci_oracle\vector-use-type.obj
d:\cpp\github\databaseoperation\lib\soci_oracle\vector-into-type.obj
d:\cpp\github\databaseoperation\lib\soci_oracle\statement.obj
d:\cpp\github\databaseoperation\lib\soci_oracle\standard-use-type.obj
d:\cpp\github\databaseoperation\lib\soci_oracle\standard-into-type.obj
d:\cpp\github\databaseoperation\lib\soci_oracle\session.obj
d:\cpp\github\databaseoperation\lib\soci_oracle\row-id.obj
d:\cpp\github\databaseoperation\lib\soci_oracle\factory.obj
d:\cpp\github\databaseoperation\lib\soci_oracle\error.obj
d:\cpp\github\databaseoperation\lib\soci_oracle\blob.obj
d:\cpp\soci\soci\soci4.0.0\vs\src\backends\oracle\cmakefiles\generate.stamp
d:\cpp\github\databaseoperation\lib\soci_oracle\soci_oracle_4_0.ilk
d:\cpp\github\databaseoperation\lib\soci_oracle\soci_oracle_4_0.dll
d:\cpp\github\databaseoperation\lib\soci_oracle\soci_oracle_4_0.pdb
d:\cpp\github\databaseoperation\lib\soci_oracle\soci_oracle_4_0.lib
d:\cpp\github\databaseoperation\lib\soci_oracle\soci_oracle_4_0.exp
d:\cpp\github\databaseoperation\\lib\soci_oracle\soci_oracle_4_0.pdb
d:\cpp\github\databaseoperation\\lib\soci_oracle\soci_oracle_4_0.dll
d:\cpp\github\databaseoperation\\lib\soci_oracle\soci_oracle_4_0.ilk
d:\cpp\github\databaseoperation\lib\soci_oracle\soci_oracle.tlog\cl.command.1.tlog
d:\cpp\github\databaseoperation\lib\soci_oracle\soci_oracle.tlog\cl.read.1.tlog
d:\cpp\github\databaseoperation\lib\soci_oracle\soci_oracle.tlog\cl.write.1.tlog
d:\cpp\github\databaseoperation\lib\soci_oracle\soci_oracle.tlog\custombuild.command.1.tlog
d:\cpp\github\databaseoperation\lib\soci_oracle\soci_oracle.tlog\custombuild.read.1.tlog
d:\cpp\github\databaseoperation\lib\soci_oracle\soci_oracle.tlog\custombuild.write.1.tlog
d:\cpp\github\databaseoperation\lib\soci_oracle\soci_oracle.tlog\link.command.1.tlog
d:\cpp\github\databaseoperation\lib\soci_oracle\soci_oracle.tlog\link.read.1.tlog
d:\cpp\github\databaseoperation\lib\soci_oracle\soci_oracle.tlog\link.write.1.tlog
d:\cpp\github\databaseoperation\lib\soci_oracle\soci_oracle.tlog\soci_oracle.write.1u.tlog
