d:\cpp\github\databaseoperation\lib\soci_sqlite3\vc142.pdb
d:\cpp\github\databaseoperation\lib\soci_sqlite3\vector-use-type.obj
d:\cpp\github\databaseoperation\lib\soci_sqlite3\vector-into-type.obj
d:\cpp\github\databaseoperation\lib\soci_sqlite3\statement.obj
d:\cpp\github\databaseoperation\lib\soci_sqlite3\standard-use-type.obj
d:\cpp\github\databaseoperation\lib\soci_sqlite3\standard-into-type.obj
d:\cpp\github\databaseoperation\lib\soci_sqlite3\session.obj
d:\cpp\github\databaseoperation\lib\soci_sqlite3\row-id.obj
d:\cpp\github\databaseoperation\lib\soci_sqlite3\factory.obj
d:\cpp\github\databaseoperation\lib\soci_sqlite3\error.obj
d:\cpp\github\databaseoperation\lib\soci_sqlite3\blob.obj
d:\cpp\soci\soci\soci4.0.0\vs\src\backends\sqlite3\cmakefiles\generate.stamp
d:\cpp\github\databaseoperation\lib\soci_sqlite3\soci_sqlite3_4_0.ilk
d:\cpp\github\databaseoperation\lib\soci_sqlite3\soci_sqlite3_4_0.dll
d:\cpp\github\databaseoperation\lib\soci_sqlite3\soci_sqlite3_4_0.pdb
d:\cpp\github\databaseoperation\lib\soci_sqlite3\soci_sqlite3_4_0.lib
d:\cpp\github\databaseoperation\lib\soci_sqlite3\soci_sqlite3_4_0.exp
d:\cpp\github\databaseoperation\\lib\soci_sqlite3\soci_sqlite3_4_0.pdb
d:\cpp\github\databaseoperation\\lib\soci_sqlite3\soci_sqlite3_4_0.dll
d:\cpp\github\databaseoperation\\lib\soci_sqlite3\soci_sqlite3_4_0.ilk
d:\cpp\github\databaseoperation\lib\soci_sqlite3\soci_sqlite3.tlog\cl.command.1.tlog
d:\cpp\github\databaseoperation\lib\soci_sqlite3\soci_sqlite3.tlog\cl.read.1.tlog
d:\cpp\github\databaseoperation\lib\soci_sqlite3\soci_sqlite3.tlog\cl.write.1.tlog
d:\cpp\github\databaseoperation\lib\soci_sqlite3\soci_sqlite3.tlog\custombuild.command.1.tlog
d:\cpp\github\databaseoperation\lib\soci_sqlite3\soci_sqlite3.tlog\custombuild.read.1.tlog
d:\cpp\github\databaseoperation\lib\soci_sqlite3\soci_sqlite3.tlog\custombuild.write.1.tlog
d:\cpp\github\databaseoperation\lib\soci_sqlite3\soci_sqlite3.tlog\link.command.1.tlog
d:\cpp\github\databaseoperation\lib\soci_sqlite3\soci_sqlite3.tlog\link.read.1.tlog
d:\cpp\github\databaseoperation\lib\soci_sqlite3\soci_sqlite3.tlog\link.write.1.tlog
d:\cpp\github\databaseoperation\lib\soci_sqlite3\soci_sqlite3.tlog\soci_sqlite3.write.1u.tlog
